Arguments: 
  /Users/edz/.nvm/versions/node/v8.11.4/bin/node /Users/edz/.nvm/versions/node/v8.11.4/bin/yarn

PATH: 
  /Library/Frameworks/Python.framework/Versions/3.7/bin:/Library/Frameworks/Python.framework/Versions/3.6/bin:/usr/local/bin:/usr/bin:/bin:/usr/sbin:/sbin:/Users/edz/.nvm/versions/node/v8.11.4/bin:/Library/Frameworks/Python.framework/Versions/3.7/bin:/Library/Frameworks/Python.framework/Versions/3.6/bin

Yarn version: 
  1.9.4

Node version: 
  8.11.4

Platform: 
  darwin x64

Trace: 
  SyntaxError: /Users/edz/Desktop/project/drag-area/package.json: Unexpected token } in JSON at position 593
      at JSON.parse (<anonymous>)
      at /Users/edz/.nvm/versions/node/v8.11.4/lib/node_modules/yarn/lib/cli.js:1130:59
      at Generator.next (<anonymous>)
      at step (/Users/edz/.nvm/versions/node/v8.11.4/lib/node_modules/yarn/lib/cli.js:92:30)
      at /Users/edz/.nvm/versions/node/v8.11.4/lib/node_modules/yarn/lib/cli.js:103:13
      at <anonymous>

npm manifest: 
  {
    "name": "drag-area",
    "version": "0.0.1",
    "description": "用于拖拽生成区域",
    "main": "index.js",
    "scripts": {
      "test": "echo \"Error: no test specified\" && exit 1"
    },
    "repository": {
      "type": "git",
      "url": "git+https://github.com/Richard-Choooou/drag-area.git"
    },
    "keywords": [
      "drag"
    ],
    "author": "richard-chou (zhoupeng1995@live.com)",
    "license": "ISC",
    "bugs": {
      "url": "https://github.com/Richard-Choooou/drag-area/issues"
    },
    "homepage": "https://github.com/Richard-Choooou/drag-area#readme",
    "dependencies": {
      "@babel/runtime": "^7.0.0",
    },
    "devDependencies": {
      "@babel/core": "^7.0.0",
      "@babel/plugin-transform-runtime": "^7.0.0",
      "@babel/preset-env": "^7.0.0",
      "babel-loader": "8",
      "babel-plugin-import": "^1.8.0",
      "clean-webpack-plugin": "^0.1.19",
      "html-loader": "^0.5.5",
      "html-webpack-plugin": "^3.2.0",
      "node-sass": "^4.9.3",
      "progress-bar-webpack-plugin": "^1.11.0",
      "sass-loader": "^7.1.0",
      "style-loader": "^0.23.0",
      "webpack": "^4.17.1",
      "webpack-cli": "^3.1.0",
      "webpack-dev-server": "^3.1.7",
      "webpack-merge": "^4.1.4"
    }
  }

yarn manifest: 
  No manifest

Lockfile: 
  # THIS IS AN AUTOGENERATED FILE. DO NOT EDIT THIS FILE DIRECTLY.
  # yarn lockfile v1
  
  
  vue@^2.5.17:
    version "2.5.17"
    resolved "https://registry.yarnpkg.com/vue/-/vue-2.5.17.tgz#0f8789ad718be68ca1872629832ed533589c6ada"
  
  vuex@^3.0.1:
    version "3.0.1"
    resolved "https://registry.yarnpkg.com/vuex/-/vuex-3.0.1.tgz#e761352ebe0af537d4bb755a9b9dc4be3df7efd2"
